<?xml version="1.0" encoding="UTF-8"?>
<!-- Generated by org.testng.reporters.JUnitReportReporter -->
<testsuite hostname="MacBook-Pro-cua-HoangThuHuyen.local" failures="0" tests="1" name="TestRun" time="50.417" errors="0" timestamp="2023-02-16T00:44:19 ICT" skipped="0">
  <testcase classname="TestRun" name="runScenario" time="50.417"/>
  <system-out/>
</testsuite> <!-- TestRun -->
